<?xml version="1.0" encoding="UTF-8"?>
<coverage generated="1542200051902" clover="3.2.0">
  <project timestamp="1542200051902" name="All files">
    <metrics statements="111" coveredstatements="46" conditionals="20" coveredconditionals="6" methods="22" coveredmethods="2" elements="153" coveredelements="54" complexity="0" loc="111" ncloc="111" packages="2" files="3" classes="3">
      <package name="lib">
        <metrics statements="30" coveredstatements="1" conditionals="0" coveredconditionals="0" methods="8" coveredmethods="0"/>
        <file name="DateTimeRangeContainer.jsx" path="/Users/P34775/Desktop/react-datetimerange/react-date-time-range/src/lib/DateTimeRangeContainer.jsx">
          <metrics statements="30" coveredstatements="1" conditionals="0" coveredconditionals="0" methods="8" coveredmethods="0"/>
          <line num="8" count="2" type="stmt"/>
          <line num="11" count="0" type="stmt"/>
          <line num="12" count="0" type="stmt"/>
          <line num="19" count="0" type="stmt"/>
          <line num="20" count="0" type="stmt"/>
          <line num="21" count="0" type="stmt"/>
          <line num="25" count="0" type="stmt"/>
          <line num="26" count="0" type="stmt"/>
          <line num="30" count="0" type="stmt"/>
          <line num="34" count="0" type="stmt"/>
          <line num="39" count="0" type="stmt"/>
          <line num="41" count="0" type="stmt"/>
          <line num="42" count="0" type="stmt"/>
          <line num="44" count="0" type="stmt"/>
          <line num="45" count="0" type="stmt"/>
          <line num="47" count="0" type="stmt"/>
          <line num="54" count="0" type="stmt"/>
          <line num="55" count="0" type="stmt"/>
          <line num="56" count="0" type="stmt"/>
          <line num="57" count="0" type="stmt"/>
          <line num="58" count="0" type="stmt"/>
          <line num="59" count="0" type="stmt"/>
          <line num="63" count="0" type="stmt"/>
          <line num="64" count="0" type="stmt"/>
          <line num="65" count="0" type="stmt"/>
          <line num="66" count="0" type="stmt"/>
          <line num="67" count="0" type="stmt"/>
          <line num="71" count="0" type="stmt"/>
          <line num="72" count="0" type="stmt"/>
          <line num="73" count="0" type="stmt"/>
        </file>
        <file name="index.jsx" path="/Users/P34775/Desktop/react-datetimerange/react-date-time-range/src/lib/index.jsx">
          <metrics statements="0" coveredstatements="0" conditionals="0" coveredconditionals="0" methods="0" coveredmethods="0"/>
        </file>
      </package>
      <package name="lib.utils">
        <metrics statements="81" coveredstatements="45" conditionals="20" coveredconditionals="6" methods="14" coveredmethods="2"/>
        <file name="TimeFunctionUtils.js" path="/Users/P34775/Desktop/react-datetimerange/react-date-time-range/src/lib/utils/TimeFunctionUtils.js">
          <metrics statements="81" coveredstatements="45" conditionals="20" coveredconditionals="6" methods="14" coveredmethods="2"/>
          <line num="4" count="2" type="stmt"/>
          <line num="5" count="0" type="stmt"/>
          <line num="6" count="0" type="stmt"/>
          <line num="7" count="0" type="stmt"/>
          <line num="9" count="0" type="stmt"/>
          <line num="12" count="2" type="stmt"/>
          <line num="13" count="0" type="stmt"/>
          <line num="14" count="0" type="stmt"/>
          <line num="15" count="0" type="cond" truecount="0" falsecount="2"/>
          <line num="16" count="0" type="stmt"/>
          <line num="18" count="0" type="stmt"/>
          <line num="21" count="0" type="stmt"/>
          <line num="27" count="0" type="stmt"/>
          <line num="28" count="0" type="stmt"/>
          <line num="29" count="0" type="cond" truecount="0" falsecount="2"/>
          <line num="30" count="0" type="stmt"/>
          <line num="34" count="0" type="cond" truecount="0" falsecount="2"/>
          <line num="35" count="0" type="stmt"/>
          <line num="36" count="0" type="stmt"/>
          <line num="37" count="0" type="stmt"/>
          <line num="38" count="0" type="stmt"/>
          <line num="40" count="0" type="stmt"/>
          <line num="44" count="2" type="stmt"/>
          <line num="45" count="0" type="stmt"/>
          <line num="48" count="2" type="stmt"/>
          <line num="49" count="0" type="stmt"/>
          <line num="52" count="2" type="stmt"/>
          <line num="53" count="13" type="stmt"/>
          <line num="54" count="13" type="stmt"/>
          <line num="56" count="13" type="cond" truecount="2" falsecount="0"/>
          <line num="57" count="2" type="stmt"/>
          <line num="58" count="12" type="stmt"/>
          <line num="59" count="12" type="stmt"/>
          <line num="60" count="12" type="stmt"/>
          <line num="64" count="13" type="cond" truecount="2" falsecount="0"/>
          <line num="65" count="4" type="stmt"/>
          <line num="66" count="28" type="stmt"/>
          <line num="67" count="28" type="stmt"/>
          <line num="68" count="28" type="stmt"/>
          <line num="73" count="9" type="stmt"/>
          <line num="74" count="22" type="stmt"/>
          <line num="75" count="22" type="stmt"/>
          <line num="76" count="22" type="stmt"/>
          <line num="79" count="13" type="stmt"/>
          <line num="82" count="2" type="stmt"/>
          <line num="83" count="13" type="stmt"/>
          <line num="84" count="13" type="stmt"/>
          <line num="86" count="13" type="stmt"/>
          <line num="88" count="13" type="stmt"/>
          <line num="89" count="396" type="stmt"/>
          <line num="92" count="13" type="stmt"/>
          <line num="93" count="13" type="stmt"/>
          <line num="94" count="13" type="stmt"/>
          <line num="95" count="13" type="stmt"/>
          <line num="96" count="101" type="cond" truecount="2" falsecount="0"/>
          <line num="97" count="13" type="stmt"/>
          <line num="98" count="13" type="stmt"/>
          <line num="100" count="88" type="stmt"/>
          <line num="101" count="88" type="stmt"/>
          <line num="103" count="13" type="stmt"/>
          <line num="106" count="2" type="stmt"/>
          <line num="108" count="0" type="cond" truecount="0" falsecount="2"/>
          <line num="109" count="0" type="cond" truecount="0" falsecount="2"/>
          <line num="111" count="0" type="cond" truecount="0" falsecount="2"/>
          <line num="113" count="0" type="stmt"/>
          <line num="116" count="2" type="stmt"/>
          <line num="117" count="0" type="stmt"/>
          <line num="126" count="2" type="stmt"/>
          <line num="127" count="0" type="stmt"/>
          <line num="136" count="2" type="stmt"/>
          <line num="137" count="0" type="stmt"/>
          <line num="146" count="2" type="stmt"/>
          <line num="147" count="0" type="stmt"/>
          <line num="155" count="2" type="stmt"/>
          <line num="156" count="0" type="stmt"/>
          <line num="157" count="0" type="cond" truecount="0" falsecount="2"/>
          <line num="158" count="0" type="stmt"/>
          <line num="160" count="0" type="stmt"/>
          <line num="169" count="2" type="stmt"/>
          <line num="170" count="0" type="stmt"/>
          <line num="171" count="0" type="stmt"/>
        </file>
      </package>
    </metrics>
  </project>
</coverage>
