{"C:\\Users\\Chris\\Desktop\\Programming\\React\\React DateTimePicker\\react-datetimepicker\\src\\lib\\DateTimeRangeContainer.jsx": {"path":"C:\\Users\\Chris\\Desktop\\Programming\\React\\React DateTimePicker\\react-datetimepicker\\src\\lib\\DateTimeRangeContainer.jsx","statementMap":{"0":{"start":{"line":8,"column":24},"end":{"line":8,"column":69}},"1":{"start":{"line":11,"column":8},"end":{"line":11,"column":21}},"2":{"start":{"line":12,"column":8},"end":{"line":16,"column":9}},"3":{"start":{"line":17,"column":8},"end":{"line":17,"column":45}},"4":{"start":{"line":18,"column":8},"end":{"line":18,"column":75}},"5":{"start":{"line":22,"column":8},"end":{"line":22,"column":54}},"6":{"start":{"line":23,"column":8},"end":{"line":23,"column":22}},"7":{"start":{"line":27,"column":8},"end":{"line":27,"column":57}},"8":{"start":{"line":31,"column":8},"end":{"line":31,"column":44}},"9":{"start":{"line":35,"column":24},"end":{"line":35,"column":53}},"10":{"start":{"line":36,"column":33},"end":{"line":36,"column":64}},"11":{"start":{"line":37,"column":16},"end":{"line":37,"column":70}},"12":{"start":{"line":38,"column":16},"end":{"line":38,"column":43}},"13":{"start":{"line":39,"column":8},"end":{"line":39,"column":34}},"14":{"start":{"line":43,"column":15},"end":{"line":43,"column":27}},"15":{"start":{"line":44,"column":15},"end":{"line":44,"column":27}},"16":{"start":{"line":45,"column":7},"end":{"line":71,"column":9}}},"fnMap":{"0":{"name":"(anonymous_0)","decl":{"start":{"line":10,"column":4},"end":{"line":10,"column":5}},"loc":{"start":{"line":10,"column":22},"end":{"line":19,"column":5}},"line":10},"1":{"name":"(anonymous_1)","decl":{"start":{"line":21,"column":4},"end":{"line":21,"column":5}},"loc":{"start":{"line":21,"column":23},"end":{"line":24,"column":5}},"line":21},"2":{"name":"(anonymous_2)","decl":{"start":{"line":26,"column":4},"end":{"line":26,"column":5}},"loc":{"start":{"line":26,"column":24},"end":{"line":28,"column":5}},"line":26},"3":{"name":"(anonymous_3)","decl":{"start":{"line":30,"column":4},"end":{"line":30,"column":5}},"loc":{"start":{"line":30,"column":32},"end":{"line":32,"column":5}},"line":30},"4":{"name":"(anonymous_4)","decl":{"start":{"line":34,"column":4},"end":{"line":34,"column":5}},"loc":{"start":{"line":34,"column":12},"end":{"line":40,"column":5}},"line":34},"5":{"name":"(anonymous_5)","decl":{"start":{"line":42,"column":4},"end":{"line":42,"column":5}},"loc":{"start":{"line":42,"column":12},"end":{"line":72,"column":5}},"line":42}},"branchMap":{},"s":{"0":1,"1":1,"2":1,"3":1,"4":1,"5":0,"6":0,"7":1,"8":0,"9":0,"10":0,"11":0,"12":0,"13":0,"14":1,"15":1,"16":1},"f":{"0":1,"1":0,"2":1,"3":0,"4":0,"5":1},"b":{},"_coverageSchema":"332fd63041d2c1bcb487cc26dd0d5f7d97098a6c","hash":"60459d642cc5bfbeb71a7d1fc4a4e8f1d41605df"}
,"C:\\Users\\Chris\\Desktop\\Programming\\React\\React DateTimePicker\\react-datetimepicker\\src\\lib\\index.jsx": {"path":"C:\\Users\\Chris\\Desktop\\Programming\\React\\React DateTimePicker\\react-datetimepicker\\src\\lib\\index.jsx","statementMap":{},"fnMap":{},"branchMap":{},"s":{},"f":{},"b":{},"_coverageSchema":"332fd63041d2c1bcb487cc26dd0d5f7d97098a6c","hash":"0f1cd04f33e68ae796bc6e61b03e5b63239b587a"}
}
