{"/Users/P34775/Desktop/react-datetimerange/react-date-time-range/src/lib/DateTimeRangeContainer.jsx": {"path":"/Users/P34775/Desktop/react-datetimerange/react-date-time-range/src/lib/DateTimeRangeContainer.jsx","statementMap":{"0":{"start":{"line":8,"column":8},"end":{"line":8,"column":21}},"1":{"start":{"line":9,"column":8},"end":{"line":12,"column":9}},"2":{"start":{"line":14,"column":8},"end":{"line":14,"column":45}},"3":{"start":{"line":18,"column":16},"end":{"line":18,"column":17}},"4":{"start":{"line":22,"column":8},"end":{"line":22,"column":54}},"5":{"start":{"line":23,"column":8},"end":{"line":23,"column":22}},"6":{"start":{"line":27,"column":8},"end":{"line":27,"column":57}},"7":{"start":{"line":31,"column":24},"end":{"line":31,"column":53}},"8":{"start":{"line":32,"column":33},"end":{"line":32,"column":64}},"9":{"start":{"line":33,"column":16},"end":{"line":33,"column":70}},"10":{"start":{"line":34,"column":16},"end":{"line":34,"column":43}},"11":{"start":{"line":35,"column":8},"end":{"line":35,"column":34}},"12":{"start":{"line":39,"column":15},"end":{"line":39,"column":27}},"13":{"start":{"line":40,"column":15},"end":{"line":40,"column":27}},"14":{"start":{"line":41,"column":8},"end":{"line":63,"column":9}}},"fnMap":{"0":{"name":"(anonymous_0)","decl":{"start":{"line":7,"column":4},"end":{"line":7,"column":5}},"loc":{"start":{"line":7,"column":22},"end":{"line":15,"column":5}},"line":7},"1":{"name":"(anonymous_1)","decl":{"start":{"line":17,"column":4},"end":{"line":17,"column":5}},"loc":{"start":{"line":17,"column":13},"end":{"line":19,"column":5}},"line":17},"2":{"name":"(anonymous_2)","decl":{"start":{"line":21,"column":4},"end":{"line":21,"column":5}},"loc":{"start":{"line":21,"column":23},"end":{"line":24,"column":5}},"line":21},"3":{"name":"(anonymous_3)","decl":{"start":{"line":26,"column":4},"end":{"line":26,"column":5}},"loc":{"start":{"line":26,"column":24},"end":{"line":28,"column":5}},"line":26},"4":{"name":"(anonymous_4)","decl":{"start":{"line":30,"column":4},"end":{"line":30,"column":5}},"loc":{"start":{"line":30,"column":12},"end":{"line":36,"column":5}},"line":30},"5":{"name":"(anonymous_5)","decl":{"start":{"line":38,"column":4},"end":{"line":38,"column":5}},"loc":{"start":{"line":38,"column":12},"end":{"line":64,"column":5}},"line":38}},"branchMap":{},"s":{"0":1,"1":1,"2":1,"3":0,"4":1,"5":1,"6":1,"7":1,"8":1,"9":1,"10":1,"11":1,"12":2,"13":2,"14":2},"f":{"0":1,"1":0,"2":1,"3":1,"4":1,"5":2},"b":{},"_coverageSchema":"332fd63041d2c1bcb487cc26dd0d5f7d97098a6c","hash":"3fdc8ec0be523fa74492257c3317e8bf92dcfd46"}
,"/Users/P34775/Desktop/react-datetimerange/react-date-time-range/src/lib/index.jsx": {"path":"/Users/P34775/Desktop/react-datetimerange/react-date-time-range/src/lib/index.jsx","statementMap":{},"fnMap":{},"branchMap":{},"s":{},"f":{},"b":{},"_coverageSchema":"332fd63041d2c1bcb487cc26dd0d5f7d97098a6c","hash":"27d11d59edd3b81e3fc6ab3a4f5202d476d3024f"}
}
