TN:
SF:/Users/P34775/Desktop/react-datetimerange/react-date-time-range/src/lib/DateTimeRangeContainer.jsx
FN:7,(anonymous_0)
FN:17,(anonymous_1)
FN:21,(anonymous_2)
FN:26,(anonymous_3)
FN:30,(anonymous_4)
FN:38,(anonymous_5)
FNF:6
FNH:5
FNDA:1,(anonymous_0)
FNDA:0,(anonymous_1)
FNDA:1,(anonymous_2)
FNDA:1,(anonymous_3)
FNDA:1,(anonymous_4)
FNDA:2,(anonymous_5)
DA:8,1
DA:9,1
DA:14,1
DA:18,0
DA:22,1
DA:23,1
DA:27,1
DA:31,1
DA:32,1
DA:33,1
DA:34,1
DA:35,1
DA:39,2
DA:40,2
DA:41,2
LF:15
LH:14
BRF:0
BRH:0
end_of_record
TN:
SF:/Users/P34775/Desktop/react-datetimerange/react-date-time-range/src/lib/index.jsx
FNF:0
FNH:0
LF:0
LH:0
BRF:0
BRH:0
end_of_record
