TN:
SF:/Users/P34775/Desktop/react-datetimerange/react-date-time-range/src/lib/DateTimeRangeContainer.jsx
FN:10,(anonymous_0)
FN:24,(anonymous_1)
FN:29,(anonymous_2)
FN:33,(anonymous_3)
FN:37,(anonymous_4)
FN:53,(anonymous_5)
FN:62,(anonymous_6)
FN:70,(anonymous_7)
FNF:8
FNH:0
FNDA:0,(anonymous_0)
FNDA:0,(anonymous_1)
FNDA:0,(anonymous_2)
FNDA:0,(anonymous_3)
FNDA:0,(anonymous_4)
FNDA:0,(anonymous_5)
FNDA:0,(anonymous_6)
FNDA:0,(anonymous_7)
DA:8,2
DA:11,0
DA:12,0
DA:19,0
DA:20,0
DA:21,0
DA:25,0
DA:26,0
DA:30,0
DA:34,0
DA:39,0
DA:41,0
DA:42,0
DA:44,0
DA:45,0
DA:47,0
DA:54,0
DA:55,0
DA:56,0
DA:57,0
DA:58,0
DA:59,0
DA:63,0
DA:64,0
DA:65,0
DA:66,0
DA:67,0
DA:71,0
DA:72,0
DA:73,0
LF:30
LH:1
BRF:0
BRH:0
end_of_record
TN:
SF:/Users/P34775/Desktop/react-datetimerange/react-date-time-range/src/lib/index.jsx
FNF:0
FNH:0
LF:0
LH:0
BRF:0
BRH:0
end_of_record
TN:
SF:/Users/P34775/Desktop/react-datetimerange/react-date-time-range/src/lib/utils/TimeFunctionUtils.js
FN:4,(anonymous_0)
FN:12,(anonymous_1)
FN:24,workOutMonthYear
FN:44,(anonymous_3)
FN:48,(anonymous_4)
FN:52,(anonymous_5)
FN:82,(anonymous_6)
FN:106,(anonymous_7)
FN:116,(anonymous_8)
FN:126,(anonymous_9)
FN:136,(anonymous_10)
FN:146,(anonymous_11)
FN:155,(anonymous_12)
FN:169,(anonymous_13)
FNF:14
FNH:2
FNDA:0,(anonymous_0)
FNDA:0,(anonymous_1)
FNDA:0,workOutMonthYear
FNDA:0,(anonymous_3)
FNDA:0,(anonymous_4)
FNDA:13,(anonymous_5)
FNDA:13,(anonymous_6)
FNDA:0,(anonymous_7)
FNDA:0,(anonymous_8)
FNDA:0,(anonymous_9)
FNDA:0,(anonymous_10)
FNDA:0,(anonymous_11)
FNDA:0,(anonymous_12)
FNDA:0,(anonymous_13)
DA:4,2
DA:5,0
DA:6,0
DA:7,0
DA:9,0
DA:12,2
DA:13,0
DA:14,0
DA:15,0
DA:16,0
DA:18,0
DA:21,0
DA:27,0
DA:28,0
DA:29,0
DA:30,0
DA:34,0
DA:35,0
DA:36,0
DA:37,0
DA:38,0
DA:40,0
DA:44,2
DA:45,0
DA:48,2
DA:49,0
DA:52,2
DA:53,13
DA:54,13
DA:56,13
DA:57,2
DA:58,12
DA:59,12
DA:60,12
DA:64,13
DA:65,4
DA:66,28
DA:67,28
DA:68,28
DA:73,9
DA:74,22
DA:75,22
DA:76,22
DA:79,13
DA:82,2
DA:83,13
DA:84,13
DA:86,13
DA:88,13
DA:89,396
DA:92,13
DA:93,13
DA:94,13
DA:95,13
DA:96,101
DA:97,13
DA:98,13
DA:100,88
DA:101,88
DA:103,13
DA:106,2
DA:108,0
DA:109,0
DA:111,0
DA:113,0
DA:116,2
DA:117,0
DA:126,2
DA:127,0
DA:136,2
DA:137,0
DA:146,2
DA:147,0
DA:155,2
DA:156,0
DA:157,0
DA:158,0
DA:160,0
DA:169,2
DA:170,0
DA:171,0
LF:81
LH:45
BRDA:15,0,0,0
BRDA:15,0,1,0
BRDA:29,1,0,0
BRDA:29,1,1,0
BRDA:34,2,0,0
BRDA:34,2,1,0
BRDA:56,3,0,2
BRDA:56,3,1,11
BRDA:64,4,0,4
BRDA:64,4,1,9
BRDA:96,5,0,13
BRDA:96,5,1,88
BRDA:108,6,0,0
BRDA:108,6,1,0
BRDA:109,7,0,0
BRDA:109,7,1,0
BRDA:111,8,0,0
BRDA:111,8,1,0
BRDA:157,9,0,0
BRDA:157,9,1,0
BRF:20
BRH:6
end_of_record
